<?xml version="1.0" encoding="UTF-8"?>
<!-- Generated by org.testng.reporters.JUnitXMLReporter -->
<testsuite hostname="DESKTOP-NREJREF" ignored="6" name="Test2" tests="6" failures="0" timestamp="2020-08-23T19:35:59 CDT" time="20.871" errors="0">
  <testcase name="login" time="4.516" classname="TestNGLearning.SanRegSmoTest"/>
  <testcase name="pim" time="1.036" classname="TestNGLearning.SanRegSmoTest"/>
  <testcase name="time" time="0.146" classname="TestNGLearning.SanRegSmoTest"/>
  <testcase name="myInfo" time="1.748" classname="TestNGLearning.SanRegSmoTest"/>
  <testcase name="dashBoard" time="1.06" classname="TestNGLearning.SanRegSmoTest"/>
  <testcase name="maintenance" time="1.437" classname="TestNGLearning.SanRegSmoTest"/>
  <testcase name="buzz" time="0.0" classname="TestNGLearning.SanRegSmoTest">
    <ignored/>
  </testcase> <!-- buzz -->
  <testcase name="admin" time="0.0" classname="TestNGLearning.SanRegSmoTest">
    <ignored/>
  </testcase> <!-- admin -->
  <testcase name="Leave" time="0.0" classname="TestNGLearning.SanRegSmoTest">
    <ignored/>
  </testcase> <!-- Leave -->
  <testcase name="directory" time="0.0" classname="TestNGLearning.SanRegSmoTest">
    <ignored/>
  </testcase> <!-- directory -->
  <testcase name="recruitment" time="0.0" classname="TestNGLearning.SanRegSmoTest">
    <ignored/>
  </testcase> <!-- recruitment -->
  <testcase name="performance" time="0.0" classname="TestNGLearning.SanRegSmoTest">
    <ignored/>
  </testcase> <!-- performance -->
</testsuite> <!-- Test2 -->
