<?xml version="1.0" encoding="UTF-8"?>
<!-- Generated by org.testng.reporters.JUnitXMLReporter -->
<testsuite hostname="DESKTOP-NREJREF" ignored="10" name="Test1" tests="2" failures="0" timestamp="2020-08-23T19:35:38 CDT" time="15.263" errors="0">
  <testcase name="login" time="3.874" classname="TestNGLearning.SanRegSmoTest"/>
  <testcase name="admin" time="1.206" classname="TestNGLearning.SanRegSmoTest"/>
  <testcase name="maintenance" time="0.0" classname="TestNGLearning.SanRegSmoTest">
    <ignored/>
  </testcase> <!-- maintenance -->
  <testcase name="buzz" time="0.0" classname="TestNGLearning.SanRegSmoTest">
    <ignored/>
  </testcase> <!-- buzz -->
  <testcase name="time" time="0.0" classname="TestNGLearning.SanRegSmoTest">
    <ignored/>
  </testcase> <!-- time -->
  <testcase name="Leave" time="0.0" classname="TestNGLearning.SanRegSmoTest">
    <ignored/>
  </testcase> <!-- Leave -->
  <testcase name="directory" time="0.0" classname="TestNGLearning.SanRegSmoTest">
    <ignored/>
  </testcase> <!-- directory -->
  <testcase name="myInfo" time="0.0" classname="TestNGLearning.SanRegSmoTest">
    <ignored/>
  </testcase> <!-- myInfo -->
  <testcase name="pim" time="0.0" classname="TestNGLearning.SanRegSmoTest">
    <ignored/>
  </testcase> <!-- pim -->
  <testcase name="recruitment" time="0.0" classname="TestNGLearning.SanRegSmoTest">
    <ignored/>
  </testcase> <!-- recruitment -->
  <testcase name="performance" time="0.0" classname="TestNGLearning.SanRegSmoTest">
    <ignored/>
  </testcase> <!-- performance -->
  <testcase name="dashBoard" time="0.0" classname="TestNGLearning.SanRegSmoTest">
    <ignored/>
  </testcase> <!-- dashBoard -->
</testsuite> <!-- Test1 -->
